<?xml version="1.0" encoding="UTF-8"?>
<!-- Generated by org.testng.reporters.JUnitReportReporter -->
<testsuite hostname="LAPTOP-5C9UPPKF" failures="0" tests="1" name="TestCaseDetails.BrokenLinksOnWebSite" time="8.053" errors="0" timestamp="2022-09-16T19:34:00 IST" skipped="0">
  <testcase classname="TestCaseDetails.BrokenLinksOnWebSite" name="BrokenLinksHandlle" time="8.053"/>
  <system-out/>
</testsuite> <!-- TestCaseDetails.BrokenLinksOnWebSite -->
