<?xml version="1.0" encoding="UTF-8"?>
<!-- Generated by org.testng.reporters.JUnitReportReporter -->
<testsuite hostname="LAPTOP-5C9UPPKF" failures="0" tests="1" name="TestCaseDetails.RegisterPageTestCase" time="29.427" errors="0" timestamp="2022-09-17T15:59:48 IST" skipped="0">
  <testcase classname="TestCaseDetails.RegisterPageTestCase" name="RegisterPage" time="29.427"/>
  <system-out/>
</testsuite> <!-- TestCaseDetails.RegisterPageTestCase -->
