<?xml version="1.0" encoding="UTF-8"?>
<!-- Generated by org.testng.reporters.JUnitReportReporter -->
<testsuite hostname="LAPTOP-5C9UPPKF" failures="0" tests="1" name="TestCaseDetails.LoginPageTestCase" time="15.936" errors="0" timestamp="2022-09-14T09:15:12 IST" skipped="0">
  <testcase classname="TestCaseDetails.LoginPageTestCase" name="Loginpage" time="15.936"/>
  <system-out/>
</testsuite> <!-- TestCaseDetails.LoginPageTestCase -->
